<?xml version="1.0" encoding="UTF-8"?>
<testsuites name="bookanappointment" time="27.542" tests="2" failures="0" errors="0">
   <testsuite name="bookanappointment" tests="2" failures="0" errors="0" time="27.542" skipped="0" timestamp="2023-10-27 00:10:11" hostname="aftar - MSI" id="Test Suites/bookanappointment">
      <properties>
         <property name="deviceName" value=""/>
         <property name="devicePlatform" value=""/>
         <property name="logFolder" value="C:\\Users\\aftar\\git\\trykatalon-GIT-belajar\\Reports\\20231027_001006\\bookanappointment\\20231027_001007"/>
         <property name="logFiles" value="C:\\Users\\aftar\\git\\trykatalon-GIT-belajar\\Reports\\20231027_001006\\bookanappointment\\20231027_001007\\execution0.log"/>
         <property name="attachments" value=""/>
         <property name="hostName" value="aftar - MSI"/>
         <property name="os" value="Windows 11 64bit"/>
         <property name="katalonVersion" value="9.0.0.212"/>
         <property name="browser" value="Chrome 118.0.0.0"/>
         <property name="hostAddress" value="192.168.100.68"/>
         <property name="sessionId" value="b7d381a00e6758af176ca5bbd240ade6"/>
         <property name="seleniumVersion" value="3.141.59"/>
         <property name="proxyInformation" value="ProxyInformation { proxyOption=NO_PROXY, proxyServerType=HTTP, username=, password=********, proxyServerAddress=, proxyServerPort=0, executionList=&quot;&quot;, isApplyToDesiredCapabilities=true }"/>
         <property name="platform" value="Windows 11"/>
      </properties>
      <testcase name="Test Cases/login" time="11.297" classname="Test Cases/login" status="PASSED">
         <system-out><![CDATA[2023-10-27 00:10:11 - [TEST_CASE][PASSED] - Test Cases/login: Test Cases/login

2023-10-27 00:10:11 - [TEST_STEP][PASSED] - openBrowser(""): Browser is opened with url: ''

2023-10-27 00:10:11 - [MESSAGE][INFO] - Starting 'Chrome' driver

2023-10-27 00:10:11 - [MESSAGE][INFO] - Action delay is set to 0 milliseconds

2023-10-27 00:10:13 - [MESSAGE][PASSED] - Browser is opened with url: ''

2023-10-27 00:10:13 - [TEST_STEP][PASSED] - navigateToUrl("https://katalon-demo-cura.herokuapp.com/"): Navigate to 'https://katalon-demo-cura.herokuapp.com/' successfully

2023-10-27 00:10:16 - [MESSAGE][PASSED] - Navigate to 'https://katalon-demo-cura.herokuapp.com/' successfully

2023-10-27 00:10:16 - [TEST_STEP][PASSED] - click(findTestObject("Object Repository/Page_CURA Healthcare Service/a_Make Appointment")): Object: 'Object Repository/Page_CURA Healthcare Service/a_Make Appointment' is clicked on

2023-10-27 00:10:17 - [MESSAGE][PASSED] - Object: 'Object Repository/Page_CURA Healthcare Service/a_Make Appointment' is clicked on

2023-10-27 00:10:17 - [TEST_STEP][PASSED] - setText(findTestObject("Object Repository/Page_CURA Healthcare Service/input_username"), "johny"): Text 'johny' is set on object 'Object Repository/Page_CURA Healthcare Service/input_username'

2023-10-27 00:10:17 - [MESSAGE][PASSED] - Text 'johny' is set on object 'Object Repository/Page_CURA Healthcare Service/input_username'

2023-10-27 00:10:17 - [TEST_STEP][PASSED] - setEncryptedText(findTestObject("Object Repository/Page_CURA Healthcare Service/input_password"), "p4y+y39Ir5PJb2ispxT0Ew=="): Text ****** has been set on object 'Object Repository/Page_CURA Healthcare Service/input_password'

2023-10-27 00:10:18 - [MESSAGE][PASSED] - Text ****** has been set on object 'Object Repository/Page_CURA Healthcare Service/input_password'

2023-10-27 00:10:18 - [TEST_STEP][PASSED] - click(findTestObject("Object Repository/Page_CURA Healthcare Service/button_Login")): Object: 'Object Repository/Page_CURA Healthcare Service/button_Login' is clicked on

2023-10-27 00:10:19 - [MESSAGE][PASSED] - Object: 'Object Repository/Page_CURA Healthcare Service/button_Login' is clicked on

2023-10-27 00:10:19 - [TEST_STEP][PASSED] - setText(findTestObject("Object Repository/Page_CURA Healthcare Service/input_username"), "John Doe"): Text 'John Doe' is set on object 'Object Repository/Page_CURA Healthcare Service/input_username'

2023-10-27 00:10:20 - [MESSAGE][PASSED] - Text 'John Doe' is set on object 'Object Repository/Page_CURA Healthcare Service/input_username'

2023-10-27 00:10:20 - [TEST_STEP][PASSED] - setEncryptedText(findTestObject("Object Repository/Page_CURA Healthcare Service/input_password"), "g3/DOGG74jC3Flrr3yH+3D/yKbOqqUNM"): Text ****** has been set on object 'Object Repository/Page_CURA Healthcare Service/input_password'

2023-10-27 00:10:20 - [MESSAGE][PASSED] - Text ****** has been set on object 'Object Repository/Page_CURA Healthcare Service/input_password'

2023-10-27 00:10:20 - [TEST_STEP][PASSED] - click(findTestObject("Object Repository/Page_CURA Healthcare Service/button_Login")): Object: 'Object Repository/Page_CURA Healthcare Service/button_Login' is clicked on

2023-10-27 00:10:21 - [MESSAGE][PASSED] - Object: 'Object Repository/Page_CURA Healthcare Service/button_Login' is clicked on

2023-10-27 00:10:21 - [TEST_STEP][PASSED] - click(findTestObject("Object Repository/Page_CURA Healthcare Service/div_Make Appointment")): Object: 'Object Repository/Page_CURA Healthcare Service/div_Make Appointment' is clicked on

2023-10-27 00:10:22 - [MESSAGE][PASSED] - Object: 'Object Repository/Page_CURA Healthcare Service/div_Make Appointment' is clicked on

2023-10-27 00:10:22 - [TEST_STEP][PASSED] - verifyElementVisible(findTestObject("Object Repository/Page_CURA Healthcare Service/h2_Make Appointment")): Object 'Object Repository/Page_CURA Healthcare Service/h2_Make Appointment' is visible

2023-10-27 00:10:22 - [MESSAGE][PASSED] - Object 'Object Repository/Page_CURA Healthcare Service/h2_Make Appointment' is visible]]></system-out>
         <system-err><![CDATA[]]></system-err>
      </testcase>
      <testcase name="Test Cases/bookanappointment" time="16.079" classname="Test Cases/bookanappointment" status="PASSED">
         <system-out><![CDATA[2023-10-27 00:10:22 - [TEST_CASE][PASSED] - Test Cases/bookanappointment: Test Cases/bookanappointment

2023-10-27 00:10:22 - [TEST_STEP][PASSED] - callTestCase(findTestCase("login"), [:], STOP_ON_FAILURE): Call Test Case 'Test Cases/login' successfully

2023-10-27 00:10:22 - [TEST_CASE][PASSED] - Test Cases/login: Test Cases/login

2023-10-27 00:10:22 - [TEST_STEP][PASSED] - openBrowser(""): Browser is opened with url: ''

2023-10-27 00:10:22 - [MESSAGE][WARNING] - A browser is already opened. Closing browser and opening a new one

2023-10-27 00:10:22 - [MESSAGE][INFO] - Starting 'Chrome' driver

2023-10-27 00:10:22 - [MESSAGE][INFO] - Action delay is set to 0 milliseconds

2023-10-27 00:10:24 - [MESSAGE][PASSED] - Browser is opened with url: ''

2023-10-27 00:10:24 - [TEST_STEP][PASSED] - navigateToUrl("https://katalon-demo-cura.herokuapp.com/"): Navigate to 'https://katalon-demo-cura.herokuapp.com/' successfully

2023-10-27 00:10:26 - [MESSAGE][PASSED] - Navigate to 'https://katalon-demo-cura.herokuapp.com/' successfully

2023-10-27 00:10:26 - [TEST_STEP][PASSED] - click(findTestObject("Object Repository/Page_CURA Healthcare Service/a_Make Appointment")): Object: 'Object Repository/Page_CURA Healthcare Service/a_Make Appointment' is clicked on

2023-10-27 00:10:27 - [MESSAGE][PASSED] - Object: 'Object Repository/Page_CURA Healthcare Service/a_Make Appointment' is clicked on

2023-10-27 00:10:27 - [TEST_STEP][PASSED] - setText(findTestObject("Object Repository/Page_CURA Healthcare Service/input_username"), "johny"): Text 'johny' is set on object 'Object Repository/Page_CURA Healthcare Service/input_username'

2023-10-27 00:10:28 - [MESSAGE][PASSED] - Text 'johny' is set on object 'Object Repository/Page_CURA Healthcare Service/input_username'

2023-10-27 00:10:28 - [TEST_STEP][PASSED] - setEncryptedText(findTestObject("Object Repository/Page_CURA Healthcare Service/input_password"), "p4y+y39Ir5PJb2ispxT0Ew=="): Text ****** has been set on object 'Object Repository/Page_CURA Healthcare Service/input_password'

2023-10-27 00:10:28 - [MESSAGE][PASSED] - Text ****** has been set on object 'Object Repository/Page_CURA Healthcare Service/input_password'

2023-10-27 00:10:28 - [TEST_STEP][PASSED] - click(findTestObject("Object Repository/Page_CURA Healthcare Service/button_Login")): Object: 'Object Repository/Page_CURA Healthcare Service/button_Login' is clicked on

2023-10-27 00:10:30 - [MESSAGE][PASSED] - Object: 'Object Repository/Page_CURA Healthcare Service/button_Login' is clicked on

2023-10-27 00:10:30 - [TEST_STEP][PASSED] - setText(findTestObject("Object Repository/Page_CURA Healthcare Service/input_username"), "John Doe"): Text 'John Doe' is set on object 'Object Repository/Page_CURA Healthcare Service/input_username'

2023-10-27 00:10:30 - [MESSAGE][PASSED] - Text 'John Doe' is set on object 'Object Repository/Page_CURA Healthcare Service/input_username'

2023-10-27 00:10:30 - [TEST_STEP][PASSED] - setEncryptedText(findTestObject("Object Repository/Page_CURA Healthcare Service/input_password"), "g3/DOGG74jC3Flrr3yH+3D/yKbOqqUNM"): Text ****** has been set on object 'Object Repository/Page_CURA Healthcare Service/input_password'

2023-10-27 00:10:31 - [MESSAGE][PASSED] - Text ****** has been set on object 'Object Repository/Page_CURA Healthcare Service/input_password'

2023-10-27 00:10:31 - [TEST_STEP][PASSED] - click(findTestObject("Object Repository/Page_CURA Healthcare Service/button_Login")): Object: 'Object Repository/Page_CURA Healthcare Service/button_Login' is clicked on

2023-10-27 00:10:32 - [MESSAGE][PASSED] - Object: 'Object Repository/Page_CURA Healthcare Service/button_Login' is clicked on

2023-10-27 00:10:32 - [TEST_STEP][PASSED] - click(findTestObject("Object Repository/Page_CURA Healthcare Service/div_Make Appointment")): Object: 'Object Repository/Page_CURA Healthcare Service/div_Make Appointment' is clicked on

2023-10-27 00:10:32 - [MESSAGE][PASSED] - Object: 'Object Repository/Page_CURA Healthcare Service/div_Make Appointment' is clicked on

2023-10-27 00:10:32 - [TEST_STEP][PASSED] - verifyElementVisible(findTestObject("Object Repository/Page_CURA Healthcare Service/h2_Make Appointment")): Object 'Object Repository/Page_CURA Healthcare Service/h2_Make Appointment' is visible

2023-10-27 00:10:33 - [MESSAGE][PASSED] - Object 'Object Repository/Page_CURA Healthcare Service/h2_Make Appointment' is visible

2023-10-27 00:10:33 - [MESSAGE][PASSED] - Call Test Case 'Test Cases/login' successfully

2023-10-27 00:10:33 - [TEST_STEP][PASSED] - selectOptionByValue(findTestObject("Object Repository/Page_CURA Healthcare Service/select_Tokyo CURA Healthcare Center        _5b4107"), "Hongkong CURA Healthcare Center", true): All options with value 'Hongkong CURA Healthcare Center' are selected in object 'Object Repository/Page_CURA Healthcare Service/select_Tokyo CURA Healthcare Center        _5b4107'  using regular expression

2023-10-27 00:10:34 - [MESSAGE][PASSED] - All options with value 'Hongkong CURA Healthcare Center' are selected in object 'Object Repository/Page_CURA Healthcare Service/select_Tokyo CURA Healthcare Center        _5b4107'  using regular expression

2023-10-27 00:10:34 - [TEST_STEP][PASSED] - click(findTestObject("Object Repository/Page_CURA Healthcare Service/input_hospital_readmission")): Object: 'Object Repository/Page_CURA Healthcare Service/input_hospital_readmission' is clicked on

2023-10-27 00:10:34 - [MESSAGE][PASSED] - Object: 'Object Repository/Page_CURA Healthcare Service/input_hospital_readmission' is clicked on

2023-10-27 00:10:34 - [TEST_STEP][PASSED] - click(findTestObject("Object Repository/Page_CURA Healthcare Service/input_visit_date")): Object: 'Object Repository/Page_CURA Healthcare Service/input_visit_date' is clicked on

2023-10-27 00:10:34 - [MESSAGE][PASSED] - Object: 'Object Repository/Page_CURA Healthcare Service/input_visit_date' is clicked on

2023-10-27 00:10:34 - [TEST_STEP][PASSED] - click(findTestObject("Object Repository/Page_CURA Healthcare Service/td_17")): Object: 'Object Repository/Page_CURA Healthcare Service/td_17' is clicked on

2023-10-27 00:10:35 - [MESSAGE][PASSED] - Object: 'Object Repository/Page_CURA Healthcare Service/td_17' is clicked on

2023-10-27 00:10:35 - [TEST_STEP][PASSED] - setText(findTestObject("Object Repository/Page_CURA Healthcare Service/textarea_comment"), "aaaa"): Text 'aaaa' is set on object 'Object Repository/Page_CURA Healthcare Service/textarea_comment'

2023-10-27 00:10:36 - [MESSAGE][PASSED] - Text 'aaaa' is set on object 'Object Repository/Page_CURA Healthcare Service/textarea_comment'

2023-10-27 00:10:36 - [TEST_STEP][PASSED] - click(findTestObject("Object Repository/Page_CURA Healthcare Service/button_Book Appointment")): Object: 'Object Repository/Page_CURA Healthcare Service/button_Book Appointment' is clicked on

2023-10-27 00:10:36 - [MESSAGE][PASSED] - Object: 'Object Repository/Page_CURA Healthcare Service/button_Book Appointment' is clicked on

2023-10-27 00:10:36 - [TEST_STEP][PASSED] - navigateToUrl("https://katalon-demo-cura.herokuapp.com/appointment.php#summary"): Navigate to 'https://katalon-demo-cura.herokuapp.com/appointment.php#summary' successfully

2023-10-27 00:10:36 - [MESSAGE][PASSED] - Navigate to 'https://katalon-demo-cura.herokuapp.com/appointment.php#summary' successfully

2023-10-27 00:10:36 - [TEST_STEP][PASSED] - click(findTestObject("Object Repository/Page_CURA Healthcare Service/h2_Appointment Confirmation")): Object: 'Object Repository/Page_CURA Healthcare Service/h2_Appointment Confirmation' is clicked on

2023-10-27 00:10:37 - [MESSAGE][PASSED] - Object: 'Object Repository/Page_CURA Healthcare Service/h2_Appointment Confirmation' is clicked on

2023-10-27 00:10:37 - [TEST_STEP][PASSED] - rightClick(findTestObject("Object Repository/Page_CURA Healthcare Service/h2_Appointment Confirmation")): Object: 'Object Repository/Page_CURA Healthcare Service/h2_Appointment Confirmation' is right clicked on

2023-10-27 00:10:37 - [MESSAGE][PASSED] - Object: 'Object Repository/Page_CURA Healthcare Service/h2_Appointment Confirmation' is right clicked on

2023-10-27 00:10:37 - [TEST_STEP][PASSED] - rightClick(findTestObject("Object Repository/Page_CURA Healthcare Service/h2_Appointment Confirmation")): Object: 'Object Repository/Page_CURA Healthcare Service/h2_Appointment Confirmation' is right clicked on

2023-10-27 00:10:38 - [MESSAGE][PASSED] - Object: 'Object Repository/Page_CURA Healthcare Service/h2_Appointment Confirmation' is right clicked on

2023-10-27 00:10:38 - [TEST_STEP][PASSED] - verifyElementVisible(findTestObject("Object Repository/Page_CURA Healthcare Service/h2_Appointment Confirmation")): Object 'Object Repository/Page_CURA Healthcare Service/h2_Appointment Confirmation' is visible

2023-10-27 00:10:38 - [MESSAGE][PASSED] - Object 'Object Repository/Page_CURA Healthcare Service/h2_Appointment Confirmation' is visible

2023-10-27 00:10:38 - [TEST_STEP][PASSED] - closeBrowser(): Browser is closed

2023-10-27 00:10:38 - [MESSAGE][PASSED] - Browser is closed]]></system-out>
         <system-err><![CDATA[]]></system-err>
      </testcase>
      <system-out><![CDATA[2023-10-27 00:10:11 - [TEST_SUITE][PASSED] - bookanappointment: Test Cases/bookanappointment]]></system-out>
      <system-err><![CDATA[]]></system-err>
   </testsuite>
</testsuites>
